[0.172s] DEBUG:colcon:Command line arguments: ['/usr/bin/colcon', 'build']
[0.173s] DEBUG:colcon:Parsed command line arguments: Namespace(log_base=None, log_level=None, verb_name='build', build_base='build', install_base='install', merge_install=False, symlink_install=False, test_result_base=None, continue_on_error=False, executor='parallel', parallel_workers=12, event_handlers=None, ignore_user_meta=False, metas=['./colcon.meta'], base_paths=['.'], packages_ignore=None, packages_ignore_regex=None, paths=None, packages_up_to=None, packages_up_to_regex=None, packages_above=None, packages_above_and_dependencies=None, packages_above_depth=None, packages_select_by_dep=None, packages_skip_by_dep=None, packages_skip_up_to=None, packages_select_build_failed=False, packages_skip_build_finished=False, packages_select_test_failures=False, packages_skip_test_passed=False, packages_select=None, packages_skip=None, packages_select_regex=None, packages_skip_regex=None, packages_start=None, packages_end=None, allow_overriding=[], cmake_args=None, cmake_target=None, cmake_target_skip_unavailable=False, cmake_clean_cache=False, cmake_clean_first=False, cmake_force_configure=False, ament_cmake_args=None, catkin_cmake_args=None, catkin_skip_building_tests=False, verb_parser=<colcon_defaults.argument_parser.defaults.DefaultArgumentsDecorator object at 0x7f1c3a35de70>, verb_extension=<colcon_core.verb.build.BuildVerb object at 0x7f1c3a35d930>, main=<bound method BuildVerb.main of <colcon_core.verb.build.BuildVerb object at 0x7f1c3a35d930>>)
[4.212s] Level 1:colcon.colcon_core.package_discovery:discover_packages(colcon_meta) check parameters
[4.213s] Level 1:colcon.colcon_core.package_discovery:discover_packages(recursive) check parameters
[4.213s] Level 1:colcon.colcon_core.package_discovery:discover_packages(ignore) check parameters
[4.213s] Level 1:colcon.colcon_core.package_discovery:discover_packages(path) check parameters
[4.213s] Level 1:colcon.colcon_core.package_discovery:discover_packages(colcon_meta) discover
[4.213s] Level 1:colcon.colcon_core.package_discovery:discover_packages(recursive) discover
[4.213s] INFO:colcon.colcon_core.package_discovery:Crawling recursively for packages in '/home/roy/Escritorio/30-08-Robótica/repositorio_practicas.'
[4.213s] Level 1:colcon.colcon_core.package_identification:_identify(.) by extensions ['ignore', 'ignore_ament_install']
[4.213s] Level 1:colcon.colcon_core.package_identification:_identify(.) by extension 'ignore'
[4.213s] Level 1:colcon.colcon_core.package_identification:_identify(.) by extension 'ignore_ament_install'
[4.213s] Level 1:colcon.colcon_core.package_identification:_identify(.) by extensions ['colcon_pkg']
[4.213s] Level 1:colcon.colcon_core.package_identification:_identify(.) by extension 'colcon_pkg'
[4.213s] Level 1:colcon.colcon_core.package_identification:_identify(.) by extensions ['colcon_meta']
[4.213s] Level 1:colcon.colcon_core.package_identification:_identify(.) by extension 'colcon_meta'
[4.213s] Level 1:colcon.colcon_core.package_identification:_identify(.) by extensions ['ros']
[4.213s] Level 1:colcon.colcon_core.package_identification:_identify(.) by extension 'ros'
[4.226s] Level 1:colcon.colcon_core.package_identification:_identify(.) by extensions ['cmake', 'python']
[4.226s] Level 1:colcon.colcon_core.package_identification:_identify(.) by extension 'cmake'
[4.226s] Level 1:colcon.colcon_core.package_identification:_identify(.) by extension 'python'
[4.226s] Level 1:colcon.colcon_core.package_identification:_identify(.) by extensions ['python_setup_py']
[4.226s] Level 1:colcon.colcon_core.package_identification:_identify(.) by extension 'python_setup_py'
[4.226s] Level 1:colcon.colcon_core.package_identification:_identify(Practica2) by extensions ['ignore', 'ignore_ament_install']
[4.226s] Level 1:colcon.colcon_core.package_identification:_identify(Practica2) by extension 'ignore'
[4.226s] Level 1:colcon.colcon_core.package_identification:_identify(Practica2) by extension 'ignore_ament_install'
[4.227s] Level 1:colcon.colcon_core.package_identification:_identify(Practica2) by extensions ['colcon_pkg']
[4.227s] Level 1:colcon.colcon_core.package_identification:_identify(Practica2) by extension 'colcon_pkg'
[4.227s] Level 1:colcon.colcon_core.package_identification:_identify(Practica2) by extensions ['colcon_meta']
[4.227s] Level 1:colcon.colcon_core.package_identification:_identify(Practica2) by extension 'colcon_meta'
[4.227s] Level 1:colcon.colcon_core.package_identification:_identify(Practica2) by extensions ['ros']
[4.227s] Level 1:colcon.colcon_core.package_identification:_identify(Practica2) by extension 'ros'
[4.227s] Level 1:colcon.colcon_core.package_identification:_identify(Practica2) by extensions ['cmake', 'python']
[4.227s] Level 1:colcon.colcon_core.package_identification:_identify(Practica2) by extension 'cmake'
[4.227s] Level 1:colcon.colcon_core.package_identification:_identify(Practica2) by extension 'python'
[4.227s] Level 1:colcon.colcon_core.package_identification:_identify(Practica2) by extensions ['python_setup_py']
[4.227s] Level 1:colcon.colcon_core.package_identification:_identify(Practica2) by extension 'python_setup_py'
[4.227s] Level 1:colcon.colcon_core.package_identification:_identify(Practica2/imagenes) by extensions ['ignore', 'ignore_ament_install']
[4.227s] Level 1:colcon.colcon_core.package_identification:_identify(Practica2/imagenes) by extension 'ignore'
[4.227s] Level 1:colcon.colcon_core.package_identification:_identify(Practica2/imagenes) by extension 'ignore_ament_install'
[4.227s] Level 1:colcon.colcon_core.package_identification:_identify(Practica2/imagenes) by extensions ['colcon_pkg']
[4.227s] Level 1:colcon.colcon_core.package_identification:_identify(Practica2/imagenes) by extension 'colcon_pkg'
[4.227s] Level 1:colcon.colcon_core.package_identification:_identify(Practica2/imagenes) by extensions ['colcon_meta']
[4.227s] Level 1:colcon.colcon_core.package_identification:_identify(Practica2/imagenes) by extension 'colcon_meta'
[4.227s] Level 1:colcon.colcon_core.package_identification:_identify(Practica2/imagenes) by extensions ['ros']
[4.227s] Level 1:colcon.colcon_core.package_identification:_identify(Practica2/imagenes) by extension 'ros'
[4.227s] Level 1:colcon.colcon_core.package_identification:_identify(Practica2/imagenes) by extensions ['cmake', 'python']
[4.227s] Level 1:colcon.colcon_core.package_identification:_identify(Practica2/imagenes) by extension 'cmake'
[4.227s] Level 1:colcon.colcon_core.package_identification:_identify(Practica2/imagenes) by extension 'python'
[4.227s] Level 1:colcon.colcon_core.package_identification:_identify(Practica2/imagenes) by extensions ['python_setup_py']
[4.228s] Level 1:colcon.colcon_core.package_identification:_identify(Practica2/imagenes) by extension 'python_setup_py'
[4.228s] Level 1:colcon.colcon_core.package_identification:_identify(build) by extensions ['ignore', 'ignore_ament_install']
[4.228s] Level 1:colcon.colcon_core.package_identification:_identify(build) by extension 'ignore'
[4.228s] Level 1:colcon.colcon_core.package_identification:_identify(build) ignored
[4.228s] Level 1:colcon.colcon_core.package_identification:_identify(install) by extensions ['ignore', 'ignore_ament_install']
[4.228s] Level 1:colcon.colcon_core.package_identification:_identify(install) by extension 'ignore'
[4.228s] Level 1:colcon.colcon_core.package_identification:_identify(install) ignored
[4.228s] Level 1:colcon.colcon_core.package_identification:_identify(log) by extensions ['ignore', 'ignore_ament_install']
[4.228s] Level 1:colcon.colcon_core.package_identification:_identify(log) by extension 'ignore'
[4.228s] Level 1:colcon.colcon_core.package_identification:_identify(log) ignored
[4.228s] Level 1:colcon.colcon_core.package_discovery:discover_packages(recursive) using defaults
[4.228s] Level 1:colcon.colcon_core.package_discovery:discover_packages(ignore) discover
[4.228s] Level 1:colcon.colcon_core.package_discovery:discover_packages(ignore) using defaults
[4.228s] Level 1:colcon.colcon_core.package_discovery:discover_packages(path) discover
[4.228s] Level 1:colcon.colcon_core.package_discovery:discover_packages(path) using defaults
[4.352s] Level 1:colcon.colcon_core.package_discovery:discover_packages(prefix_path) check parameters
[4.352s] Level 1:colcon.colcon_core.package_discovery:discover_packages(prefix_path) discover
[4.360s] DEBUG:colcon.colcon_installed_package_information.package_discovery:Found 383 installed packages in /opt/ros/humble
[4.362s] Level 1:colcon.colcon_core.package_discovery:discover_packages(prefix_path) using defaults
[4.420s] INFO:colcon.colcon_core.executor:Executing jobs using 'parallel' executor
[4.421s] DEBUG:colcon.colcon_parallel_executor.executor.parallel:run_until_complete
[4.421s] DEBUG:colcon.colcon_parallel_executor.executor.parallel:closing loop
[4.422s] DEBUG:colcon.colcon_parallel_executor.executor.parallel:loop closed
[4.422s] DEBUG:colcon.colcon_parallel_executor.executor.parallel:run_until_complete finished with '0'
[4.422s] DEBUG:colcon.colcon_core.event_reactor:joining thread
[4.466s] INFO:colcon.colcon_core.plugin_system:Skipping extension 'colcon_notification.desktop_notification.terminal_notifier': Not used on non-Darwin systems
[4.466s] INFO:colcon.colcon_core.plugin_system:Skipping extension 'colcon_notification.desktop_notification.win32': Not used on non-Windows systems
[4.466s] INFO:colcon.colcon_notification.desktop_notification:Sending desktop notification using 'notify2'
[4.478s] DEBUG:colcon.colcon_core.event_reactor:joined thread
[4.499s] INFO:colcon.colcon_core.plugin_system:Skipping extension 'colcon_core.shell.bat': Not used on non-Windows systems
[4.499s] INFO:colcon.colcon_core.shell:Creating prefix script '/home/roy/Escritorio/30-08-Robótica/repositorio_practicas./install/local_setup.ps1'
[4.500s] INFO:colcon.colcon_core.shell:Creating prefix util module '/home/roy/Escritorio/30-08-Robótica/repositorio_practicas./install/_local_setup_util_ps1.py'
[4.513s] INFO:colcon.colcon_core.shell:Creating prefix chain script '/home/roy/Escritorio/30-08-Robótica/repositorio_practicas./install/setup.ps1'
[4.514s] INFO:colcon.colcon_core.shell:Creating prefix script '/home/roy/Escritorio/30-08-Robótica/repositorio_practicas./install/local_setup.sh'
[4.515s] INFO:colcon.colcon_core.shell:Creating prefix util module '/home/roy/Escritorio/30-08-Robótica/repositorio_practicas./install/_local_setup_util_sh.py'
[4.515s] INFO:colcon.colcon_core.shell:Creating prefix chain script '/home/roy/Escritorio/30-08-Robótica/repositorio_practicas./install/setup.sh'
[4.516s] INFO:colcon.colcon_core.shell:Creating prefix script '/home/roy/Escritorio/30-08-Robótica/repositorio_practicas./install/local_setup.bash'
[4.516s] INFO:colcon.colcon_core.shell:Creating prefix chain script '/home/roy/Escritorio/30-08-Robótica/repositorio_practicas./install/setup.bash'
[4.517s] INFO:colcon.colcon_core.shell:Creating prefix script '/home/roy/Escritorio/30-08-Robótica/repositorio_practicas./install/local_setup.zsh'
[4.518s] INFO:colcon.colcon_core.shell:Creating prefix chain script '/home/roy/Escritorio/30-08-Robótica/repositorio_practicas./install/setup.zsh'
